[14:11:06] [ServerMain/INFO]: Environment: authHost='https://authserver.mojang.com', accountsHost='https://api.mojang.com', sessionHost='https://sessionserver.mojang.com', servicesHost='https://api.minecraftservices.com', name='PROD'
[14:11:06] [ServerMain/INFO]: Found new data pack file/bukkit, loading it automatically
[14:11:08] [ServerMain/INFO]: Loaded 7 recipes
[14:11:09] [Server thread/INFO]: Starting minecraft server version 1.20.1
[14:11:09] [Server thread/INFO]: Loading properties
[14:11:09] [Server thread/INFO]: This server is running Paper version git-Paper-196 (MC: 1.20.1) (Implementing API version 1.20.1-R0.1-SNAPSHOT) (Git: 773dd72)
[14:11:10] [Server thread/INFO]: Server Ping Player Sample Count: 12
[14:11:10] [Server thread/INFO]: Using 4 threads for Netty based IO
[14:11:10] [Server thread/WARN]: [!] The timings profiler has been enabled but has been scheduled for removal from Paper in the future.
    We recommend installing the spark profiler as a replacement: https://spark.lucko.me/
    For more information please visit: https://github.com/PaperMC/Paper/issues/8948
[14:11:10] [Server thread/INFO]: [ChunkTaskScheduler] Chunk system is using 1 I/O threads, 1 worker threads, and gen parallelism of 1 threads
[14:11:11] [Server thread/INFO]: Default game type: SURVIVAL
[14:11:11] [Server thread/INFO]: Generating keypair
[14:11:11] [Server thread/INFO]: Starting Minecraft server on *:25565
[14:11:11] [Server thread/INFO]: Using epoll channel type
[14:11:11] [Server thread/INFO]: Paper: Using libdeflate (Linux x86_64) compression from Velocity.
[14:11:11] [Server thread/INFO]: Paper: Using OpenSSL 1.1.x (Linux x86_64) cipher from Velocity.
[14:11:12] [Server thread/INFO]: [Vault] Loading server plugin Vault v1.7.3-b131
[14:11:12] [Server thread/INFO]: [IridiumSkyblock] Loading server plugin IridiumSkyblock v4.0.9.1
[14:11:14] [Server thread/INFO]: [Multiverse-Core] Loading server plugin Multiverse-Core v4.3.1-b861
[14:11:14] [Server thread/INFO]: [AngelChest] Loading server plugin AngelChest v13.9.0
[14:11:14] [Server thread/INFO]: [SimpleTpa] Loading server plugin SimpleTpa v7.3
[14:11:14] [Server thread/INFO]: [Geyser-Spigot] Loading server plugin Geyser-Spigot v2.5.1-SNAPSHOT
[14:11:15] [Server thread/INFO]: [Geyser-Spigot] Loading extensions...
[14:11:15] [Server thread/INFO]: [Geyser-Spigot] Loaded 0 extension(s)
[14:11:15] [Server thread/INFO]: [BedWars] Loading server plugin BedWars v0.2.35
[14:11:15] [Server thread/INFO]: Server permissions file permissions.yml is empty, ignoring it
[14:11:15] [Server thread/INFO]: [Vault] Enabling Vault v1.7.3-b131
[14:11:15] [Server thread/INFO]: [Vault] [Permission] SuperPermissions loaded as backup permission system.
[14:11:15] [Server thread/INFO]: [Vault] Enabled Version 1.7.3-b131
[14:11:15] [Server thread/WARN]: **** SERVER IS RUNNING IN OFFLINE/INSECURE MODE!
[14:11:15] [Server thread/WARN]: The server will make no attempt to authenticate usernames. Beware.
[14:11:15] [Server thread/WARN]: While this makes the game possible to play without internet access, it also opens up the ability for hackers to connect with any username they choose.
[14:11:15] [Server thread/WARN]: To change this, set "online-mode" to "true" in the server.properties file.
[14:11:15] [Server thread/INFO]: Preparing level "world"
[14:11:15] [Server thread/INFO]: ---- Migration of old nether folder required ----
[14:11:15] [Server thread/INFO]: Unfortunately due to the way that Minecraft implemented multiworld support in 1.6, Bukkit requires that you move your nether folder to a new location in order to operate correctly.
[14:11:15] [Server thread/INFO]: We will move this folder for you, but it will mean that you need to move it back should you wish to stop using Bukkit in the future.
[14:11:15] [Server thread/INFO]: Attempting to move world/DIM-1 to world_nether/DIM-1...
[14:11:15] [Server thread/INFO]: Success! To restore nether in the future, simply move world_nether/DIM-1 to world/DIM-1
[14:11:15] [Server thread/INFO]: ---- Migration of old nether folder complete ----
[14:11:16] [Server thread/INFO]: ---- Migration of old the_end folder required ----
[14:11:16] [Server thread/INFO]: Unfortunately due to the way that Minecraft implemented multiworld support in 1.6, Bukkit requires that you move your the_end folder to a new location in order to operate correctly.
[14:11:16] [Server thread/INFO]: We will move this folder for you, but it will mean that you need to move it back should you wish to stop using Bukkit in the future.
[14:11:16] [Server thread/INFO]: Attempting to move world/DIM1 to world_the_end/DIM1...
[14:11:16] [Server thread/INFO]: Success! To restore the_end in the future, simply move world_the_end/DIM1 to world/DIM1
[14:11:16] [Server thread/INFO]: ---- Migration of old the_end folder complete ----
[14:11:16] [Server thread/INFO]: Preparing start region for dimension minecraft:overworld
[14:11:16] [Server thread/INFO]: Time elapsed: 334 ms
[14:11:16] [Server thread/INFO]: Preparing start region for dimension minecraft:the_nether
[14:11:16] [Server thread/INFO]: Time elapsed: 100 ms
[14:11:16] [Server thread/INFO]: Preparing start region for dimension minecraft:the_end
[14:11:16] [Server thread/INFO]: Time elapsed: 87 ms
[14:11:16] [Server thread/INFO]: [IridiumSkyblock] Enabling IridiumSkyblock v4.0.9.1
[14:11:17] [Server thread/INFO]: Preparing start region for dimension minecraft:iridiumskyblock
[14:11:17] [Server thread/INFO]: Time elapsed: 93 ms
[14:11:17] [Server thread/INFO]: Preparing start region for dimension minecraft:iridiumskyblock_nether
[14:11:17] [Server thread/INFO]: Time elapsed: 149 ms
[14:11:17] [Server thread/INFO]: Preparing start region for dimension minecraft:iridiumskyblock_the_end
[14:11:17] [Server thread/INFO]: Time elapsed: 208 ms
[14:11:18] [Server thread/INFO]: [ChunkHolderManager] Waiting 60s for chunk system to halt for world 'IridiumSkyblock_the_end'
[14:11:18] [Server thread/INFO]: [ChunkHolderManager] Halted chunk system for world 'IridiumSkyblock_the_end'
[14:11:18] [Server thread/INFO]: [ChunkHolderManager] Saving all chunkholders for world 'IridiumSkyblock_the_end'
[14:11:18] [Server thread/INFO]: [ChunkHolderManager] Saved 0 block chunks, 0 entity chunks, 0 poi chunks in world 'IridiumSkyblock_the_end' in 0.01s
[14:11:18] [Server thread/INFO]: [NBTAPI] [NBTAPI] Found Spigot: v1_20_R1! Trying to find NMS support
[14:11:18] [Server thread/INFO]: [NBTAPI] [NBTAPI] NMS support 'MC1_20_R1' loaded!
[14:11:18] [Server thread/INFO]: [NBTAPI] [NBTAPI] Using the plugin 'IridiumSkyblock' to create a bStats instance!
[14:11:18] [Server thread/INFO]: Preparing start region for dimension minecraft:iridiumskyblock_the_end
[14:11:19] [Server thread/INFO]: Time elapsed: 117 ms
[14:11:19] [Server thread/WARN]: [IridiumSkyblock] Configuration error, selected paster [worldedit] is not available, available choices are [internalAsync]
[14:11:19] [Server thread/INFO]: [IridiumSkyblock] -------------------------------
[14:11:19] [Server thread/INFO]: [IridiumSkyblock] 
[14:11:19] [Server thread/INFO]: [IridiumSkyblock] IridiumSkyblock Enabled!
[14:11:19] [Server thread/INFO]: [IridiumSkyblock] 
[14:11:19] [Server thread/INFO]: [IridiumSkyblock] -------------------------------
[14:11:19] [Server thread/INFO]: [Multiverse-Core] Enabling Multiverse-Core v4.3.1-b861
[14:11:19] [Server thread/WARN]: [Multiverse-Core] "Multiverse-Core v4.3.1-b861" has registered a listener for org.bukkit.event.entity.EntityCreatePortalEvent on method "public void com.onarandombox.MultiverseCore.listeners.MVPortalListener.entityPortalCreate(org.bukkit.event.entity.EntityCreatePortalEvent)", but the event is Deprecated. "Server performance will be affected"; please notify the authors [dumptruckman, Rigby, fernferret, lithium3141, main--].
[14:11:19] [Server thread/INFO]: [Multiverse-Core] §aWe are aware of the warning about the deprecated event. There is no alternative that allows us to do what we need to do and performance impact is negligible. It is safe to ignore.
[14:11:20] [Server thread/INFO]: [Multiverse-Core] 6 - World(s) loaded.
[14:11:20] [Server thread/WARN]: [Multiverse-Core] Buscript failed to load! The script command will be disabled! If you would like not to see this message, use `/mv conf enablebuscript false` to disable Buscript from loading.
[14:11:20] [Server thread/INFO]: [Multiverse-Core] Version 4.3.1-b861 (API v24) Enabled - By dumptruckman, Rigby, fernferret, lithium3141 and main--
[14:11:20] [Server thread/INFO]: [AngelChest] Enabling AngelChest v13.9.0
[14:11:20] [Server thread/INFO]: [AngelChest] groups.yml does not exist, skipping custom group settings.
[14:11:20] [Server thread/INFO]: [AngelChest] blacklist.yml does not exist, disabling item blacklist.
[14:11:20] [Server thread/INFO]: [AngelChest] Not using premium version, disabling Graveyards feature
[14:11:20] [Server thread/WARN]: [AngelChest] Could not add usage/description to command acopen
[14:11:20] [Server thread/INFO]: [AngelChest] No EconomyServiceProvider found, disabling economy functions.
[14:11:20] [Server thread/INFO]: [AngelChest] [ACF] Enabled Asynchronous Tab Completion Support!
[14:11:20] [Server thread/INFO]: [AngelChest] Successfully enabled AngelChest v13.9.0 (Premium: false)
[14:11:20] [Server thread/INFO]: [SimpleTpa] Enabling SimpleTpa v7.3
[14:11:20] [Server thread/INFO]: [SimpleTpa] If you need support contact me at https://discord.gg/SZUkza9
[14:11:20] [Server thread/INFO]: [SimpleTpa] Simple Tpa has been enabled on version 7.3
[14:11:20] [Server thread/INFO]: Enabled metrics. You may opt-out by changing plugins/bStats/config.yml
[14:11:20] [Server thread/INFO]: [Geyser-Spigot] Enabling Geyser-Spigot v2.5.1-SNAPSHOT
[14:11:21] [Server thread/INFO]: [BedWars] Enabling BedWars v0.2.35
[14:11:21] [Server thread/INFO]: [BedWars] Successfully loaded messages for BedWars! Language: English
[14:11:21] [Server thread/INFO]: [BedWars] Loading statistics from YAML-File ...
[14:11:22] [Server thread/INFO]: =====================  by ScreamingSandals <Misat11, Iamceph, Pronze>
[14:11:22] [Server thread/INFO]: + Screaming BedWars +  Version: 0.2.35 FREE
[14:11:22] [Server thread/INFO]: =====================  STABLE VERSION
[14:11:22] [Server thread/INFO]: Everything is loaded! If you like our work, consider visiting our Patreon! <3
[14:11:22] [Server thread/INFO]: https://www.patreon.com/screamingsandals
[14:11:22] [Server thread/INFO]: [Geyser-Spigot] ******************************************
[14:11:22] [Server thread/INFO]: [Geyser-Spigot] 
[14:11:22] [Server thread/INFO]: [Geyser-Spigot] Loading Geyser version 2.5.1-b726 (git-master-2019e53)
[14:11:22] [Server thread/INFO]: [Geyser-Spigot] 
[14:11:22] [Server thread/INFO]: [Geyser-Spigot] ******************************************
[14:11:31] [epollEventLoopGroup-3-2/INFO]: [Geyser-Spigot] Started Geyser on UDP port 19132
[14:11:31] [Server thread/INFO]: [Geyser-Spigot] Done (9.022s)! Run /geyser help for help!
[14:11:31] [Server thread/WARN]: [Geyser-Spigot] Your server software does not support the Java version that Geyser requires (1.21.3). Please install ViaVersion (https://ci.viaversion.com/job/ViaVersion/) or update your server software!
[14:11:31] [Server thread/INFO]: Running delayed init tasks
[14:11:31] [Server thread/WARN]: [IridiumSkyblock] You do not have an economy plugin installed (like Essentials)
[14:11:31] [Server thread/INFO]: Done (21.710s)! For help, type "help"
[14:11:31] [Server thread/INFO]: Timings Reset
[14:11:31] [Craft Scheduler Thread - 5 - Vault/INFO]: [Vault] Checking for Updates ... 
[14:11:31] [Craft Scheduler Thread - 5 - Vault/INFO]: [Vault] No new version available
[14:11:31] [Server thread/INFO]: [IridiumSkyblock] You are using the latest version of IridiumSkyblock.
[14:11:34] [Server thread/INFO]: [AngelChest] ========================================================
[14:11:34] [Server thread/INFO]: [AngelChest] You are using the free version of AngelChest. There is
[14:11:34] [Server thread/INFO]: [AngelChest] also a premium version available, called AngelChestPlus.
[14:11:34] [Server thread/INFO]: [AngelChest] It includes TONS of new features and exclusive Discord
[14:11:34] [Server thread/INFO]: [AngelChest] support. The free version will still receive bugfixes,
[14:11:34] [Server thread/INFO]: [AngelChest] but there won't be ANY new features!
[14:11:34] [Server thread/INFO]: [AngelChest] If you like AngelChest, you will LOVE AngelChestPlus, so
[14:11:34] [Server thread/INFO]: [AngelChest] please consider upgrading! Thank you for using AngelChest.
[14:11:34] [Server thread/INFO]: [AngelChest] 
[14:11:34] [Server thread/INFO]: [AngelChest] https://www.spigotmc.org/resources/88214
[14:11:34] [Server thread/INFO]: [AngelChest] ========================================================
[14:11:57] [User Authenticator #0/INFO]: UUID of player ELbroSetre is 3a8085d0-8b58-3f1b-b090-e94414a1f7ad
[14:11:57] [Server thread/INFO]: ELbroSetre joined the game
[14:11:57] [Server thread/INFO]: ELbroSetre[/[0:0:0:0:0:0:0:1%0]:46262] logged in with entity id 167 at ([world]-270.4997871496138, 38.0, -748.6662214870217)
[14:12:06] [Server thread/INFO]: ELbroSetre fell out of the world
[14:12:13] [Server thread/INFO]: ELbroSetre fell out of the world
[14:12:20] [Server thread/INFO]: ELbroSetre issued server command: /gamemode creative
[14:12:20] [Server thread/INFO]: [ELbroSetre: Set own game mode to Creative Mode]
[14:12:21] [Server thread/INFO]: ELbroSetre fell out of the world
[14:12:53] [Server thread/INFO]: ELbroSetre has made the advancement [We Need to Go Deeper]
[14:13:04] [Server thread/INFO]: ELbroSetre issued server command: /gamemode creative
[14:13:04] [Server thread/INFO]: [ELbroSetre: Set own game mode to Creative Mode]
[14:13:19] [Server thread/INFO]: ELbroSetre fell out of the world
[14:14:13] [Server thread/INFO]: ELbroSetre issued server command: /give ELbroSetre
[14:14:22] [Server thread/INFO]: ELbroSetre issued server command: /give ELbroSetre minecraft:barrier
[14:14:22] [Server thread/INFO]: [ELbroSetre: Gave 1 [Barrier] to ELbroSetre]
[14:16:22] [Server thread/INFO]: ELbroSetre issued server command: /spawnpoint
[14:16:22] [Server thread/INFO]: [ELbroSetre: Set spawn point to -234, 42, -740 [0.0] in minecraft:overworld for ELbroSetre]
[14:16:29] [Server thread/INFO]: ELbroSetre issued server command: /spawnpoint @a
[14:16:29] [Server thread/INFO]: [ELbroSetre: Set spawn point to -234, 42, -740 [0.0] in minecraft:overworld for ELbroSetre]
[14:17:04] [Server thread/INFO]: ELbroSetre issued server command: /give ELbroSetre minecraft:command_block
[14:17:04] [Server thread/INFO]: [ELbroSetre: Gave 1 [Command Block] to ELbroSetre]
[14:18:22] [Server thread/INFO]: ELbroSetre issued server command: /gamerule commandBlockOutput
[14:18:56] [Server thread/INFO]: ELbroSetre issued server command: /gamerule commandBlockOutput false
[14:18:56] [Server thread/INFO]: [ELbroSetre: Gamerule commandBlockOutput is now set to: false]
[14:20:56] [Server thread/INFO]: Stopping the server
[14:20:56] [Server thread/INFO]: Stopping server
[14:20:56] [Server thread/INFO]: [BedWars] Disabling BedWars v0.2.35
[14:20:56] [Server thread/INFO]: [Geyser-Spigot] Disabling Geyser-Spigot v2.5.1-SNAPSHOT
[14:20:56] [Server thread/INFO]: [Geyser-Spigot] Shutting down Geyser.
[14:20:56] [Server thread/INFO]: [Geyser-Spigot] Geyser shutdown successfully.
[14:20:56] [Server thread/INFO]: [SimpleTpa] Disabling SimpleTpa v7.3
[14:20:56] [Server thread/INFO]: [SimpleTpa] If you need support contact me at https://discord.gg/SZUkza9
[14:20:56] [Server thread/INFO]: [SimpleTpa] Simple Tpa has been disabled on version 7.3
[14:20:56] [Server thread/INFO]: [AngelChest] Disabling AngelChest v13.9.0
[14:20:56] [Server thread/ERROR]: Error occurred (in the plugin loader) while disabling AngelChest v13.9.0 (Is it up to date?)
java.lang.ExceptionInInitializerError: null
	at de.jeff_media.angelchest.AngelChestMain.onDisable(AngelChestMain.java:442) ~[AngelChest-13.9.0.jar:?]
	at org.bukkit.plugin.java.JavaPlugin.setEnabled(JavaPlugin.java:283) ~[paper-api-1.20.1-R0.1-SNAPSHOT.jar:?]
	at io.papermc.paper.plugin.manager.PaperPluginInstanceManager.disablePlugin(PaperPluginInstanceManager.java:224) ~[paper-1.20.1.jar:git-Paper-196]
	at io.papermc.paper.plugin.manager.PaperPluginInstanceManager.disablePlugins(PaperPluginInstanceManager.java:148) ~[paper-1.20.1.jar:git-Paper-196]
	at io.papermc.paper.plugin.manager.PaperPluginManagerImpl.disablePlugins(PaperPluginManagerImpl.java:92) ~[paper-1.20.1.jar:git-Paper-196]
	at org.bukkit.plugin.SimplePluginManager.disablePlugins(SimplePluginManager.java:528) ~[paper-api-1.20.1-R0.1-SNAPSHOT.jar:?]
	at org.bukkit.craftbukkit.v1_20_R1.CraftServer.disablePlugins(CraftServer.java:573) ~[paper-1.20.1.jar:git-Paper-196]
	at net.minecraft.server.MinecraftServer.stopServer(MinecraftServer.java:942) ~[paper-1.20.1.jar:git-Paper-196]
	at net.minecraft.server.dedicated.DedicatedServer.stopServer(DedicatedServer.java:813) ~[paper-1.20.1.jar:git-Paper-196]
	at net.minecraft.server.MinecraftServer.runServer(MinecraftServer.java:1209) ~[paper-1.20.1.jar:git-Paper-196]
	at net.minecraft.server.MinecraftServer.lambda$spin$0(MinecraftServer.java:317) ~[paper-1.20.1.jar:git-Paper-196]
	at java.lang.Thread.run(Thread.java:840) ~[?:?]
Caused by: org.bukkit.plugin.IllegalPluginAccessException: Plugin attempted to register task while disabled
	at org.bukkit.craftbukkit.v1_20_R1.scheduler.CraftScheduler.validate(CraftScheduler.java:548) ~[paper-1.20.1.jar:git-Paper-196]
	at org.bukkit.craftbukkit.v1_20_R1.scheduler.CraftScheduler.runTaskTimer(CraftScheduler.java:224) ~[paper-1.20.1.jar:git-Paper-196]
	at org.bukkit.craftbukkit.v1_20_R1.scheduler.CraftScheduler.runTaskTimer(CraftScheduler.java:209) ~[paper-1.20.1.jar:git-Paper-196]
	at org.bukkit.scheduler.BukkitRunnable.runTaskTimer(BukkitRunnable.java:117) ~[paper-api-1.20.1-R0.1-SNAPSHOT.jar:?]
	at de.jeff_media.angelchest.AngelChestMain$$aF.<clinit>(GraveyardListener.java:57) ~[AngelChest-13.9.0.jar:?]
	... 12 more
[14:20:56] [Server thread/INFO]: [Multiverse-Core] Disabling Multiverse-Core v4.3.1-b861
[14:20:56] [Server thread/INFO]: [IridiumSkyblock] Disabling IridiumSkyblock v4.0.9.1
[14:20:56] [Server thread/INFO]: [IridiumSkyblock] -------------------------------
[14:20:56] [Server thread/INFO]: [IridiumSkyblock] 
[14:20:56] [Server thread/INFO]: [IridiumSkyblock] IridiumSkyblock Disabled!
[14:20:56] [Server thread/INFO]: [IridiumSkyblock] 
[14:20:56] [Server thread/INFO]: [IridiumSkyblock] -------------------------------
[14:20:56] [Server thread/INFO]: [Vault] Disabling Vault v1.7.3-b131
[14:20:56] [Server thread/INFO]: Saving players
[14:20:56] [Server thread/INFO]: ELbroSetre lost connection: Server closed
[14:20:56] [Server thread/INFO]: ELbroSetre left the game
[14:20:56] [Server thread/INFO]: Saving worlds
[14:20:56] [Server thread/INFO]: Saving chunks for level 'ServerLevel[world]'/minecraft:overworld
[14:20:56] [Server thread/INFO]: [ChunkHolderManager] Waiting 60s for chunk system to halt for world 'world'
[14:20:56] [Server thread/INFO]: [ChunkHolderManager] Halted chunk system for world 'world'
[14:20:56] [Server thread/INFO]: [ChunkHolderManager] Saving all chunkholders for world 'world'
[14:20:57] [Server thread/INFO]: [ChunkHolderManager] Saved 627 block chunks, 22 entity chunks, 1 poi chunks in world 'world' in 0.63s
[14:20:57] [Server thread/INFO]: ThreadedAnvilChunkStorage (world): All chunks are saved
[14:20:57] [Server thread/INFO]: Saving chunks for level 'ServerLevel[world_nether]'/minecraft:the_nether
[14:20:57] [Server thread/INFO]: [ChunkHolderManager] Waiting 60s for chunk system to halt for world 'world_nether'
[14:20:57] [Server thread/INFO]: [ChunkHolderManager] Halted chunk system for world 'world_nether'
[14:20:57] [Server thread/INFO]: [ChunkHolderManager] Saving all chunkholders for world 'world_nether'
[14:20:57] [Server thread/INFO]: [ChunkHolderManager] Saved 1529 block chunks, 32 entity chunks, 0 poi chunks in world 'world_nether' in 0.81s
[14:20:57] [Server thread/INFO]: ThreadedAnvilChunkStorage (DIM-1): All chunks are saved
[14:20:57] [Server thread/INFO]: Saving chunks for level 'ServerLevel[world_the_end]'/minecraft:the_end
[14:20:57] [Server thread/INFO]: [ChunkHolderManager] Waiting 60s for chunk system to halt for world 'world_the_end'
[14:20:57] [Server thread/INFO]: [ChunkHolderManager] Halted chunk system for world 'world_the_end'
[14:20:57] [Server thread/INFO]: [ChunkHolderManager] Saving all chunkholders for world 'world_the_end'
[14:20:58] [Server thread/INFO]: [ChunkHolderManager] Saved 1496 block chunks, 0 entity chunks, 0 poi chunks in world 'world_the_end' in 0.52s
[14:20:58] [Server thread/INFO]: ThreadedAnvilChunkStorage (DIM1): All chunks are saved
[14:20:58] [Server thread/INFO]: Saving chunks for level 'ServerLevel[IridiumSkyblock]'/minecraft:iridiumskyblock
[14:20:58] [Server thread/INFO]: [ChunkHolderManager] Waiting 60s for chunk system to halt for world 'IridiumSkyblock'
[14:20:58] [Server thread/INFO]: [ChunkHolderManager] Halted chunk system for world 'IridiumSkyblock'
[14:20:58] [Server thread/INFO]: [ChunkHolderManager] Saving all chunkholders for world 'IridiumSkyblock'
[14:20:58] [Server thread/INFO]: [ChunkHolderManager] Saved 0 block chunks, 0 entity chunks, 0 poi chunks in world 'IridiumSkyblock' in 0.00s
[14:20:58] [Server thread/INFO]: ThreadedAnvilChunkStorage (IridiumSkyblock): All chunks are saved
[14:20:58] [Server thread/INFO]: Saving chunks for level 'ServerLevel[IridiumSkyblock_nether]'/minecraft:iridiumskyblock_nether
[14:20:58] [Server thread/INFO]: [ChunkHolderManager] Waiting 60s for chunk system to halt for world 'IridiumSkyblock_nether'
[14:20:58] [Server thread/INFO]: [ChunkHolderManager] Halted chunk system for world 'IridiumSkyblock_nether'
[14:20:58] [Server thread/INFO]: [ChunkHolderManager] Saving all chunkholders for world 'IridiumSkyblock_nether'
[14:20:58] [Server thread/INFO]: [ChunkHolderManager] Saved 0 block chunks, 0 entity chunks, 0 poi chunks in world 'IridiumSkyblock_nether' in 0.00s
[14:20:58] [Server thread/INFO]: ThreadedAnvilChunkStorage (DIM-1): All chunks are saved
[14:20:58] [Server thread/INFO]: Saving chunks for level 'ServerLevel[IridiumSkyblock_the_end]'/minecraft:iridiumskyblock_the_end
[14:20:58] [Server thread/INFO]: [ChunkHolderManager] Waiting 60s for chunk system to halt for world 'IridiumSkyblock_the_end'
[14:20:58] [Server thread/INFO]: [ChunkHolderManager] Halted chunk system for world 'IridiumSkyblock_the_end'
[14:20:58] [Server thread/INFO]: [ChunkHolderManager] Saving all chunkholders for world 'IridiumSkyblock_the_end'
[14:20:58] [Server thread/INFO]: [ChunkHolderManager] Saved 0 block chunks, 0 entity chunks, 0 poi chunks in world 'IridiumSkyblock_the_end' in 0.00s
[14:20:58] [Server thread/INFO]: ThreadedAnvilChunkStorage (DIM1): All chunks are saved
[14:20:58] [Server thread/INFO]: ThreadedAnvilChunkStorage: All dimensions are saved
[14:20:58] [Server thread/INFO]: Flushing Chunk IO
[14:20:58] [Server thread/INFO]: Closing Thread Pool
[14:20:58] [Server thread/INFO]: Closing Server
